<?xml version="1.0" encoding="UTF-8"?>
<!-- Generated by org.testng.reporters.JUnitReportReporter -->
<testsuite skipped="0" hostname="DESKTOP-T4G2BMJ" name="pompagefactorytests.TestsClass" tests="3" failures="0" timestamp="2022-02-20T02:19:23 IST" time="0.526" errors="0">
  <testcase name="loginTest" time="0.389" classname="pompagefactorytests.TestsClass"/>
  <system-out/>
  <testcase name="addToCartTest" time="0.078" classname="pompagefactorytests.TestsClass"/>
  <system-out/>
  <testcase name="descriptionTest" time="0.059" classname="pompagefactorytests.TestsClass"/>
  <system-out/>
</testsuite> <!-- pompagefactorytests.TestsClass -->
